0 info it worked if it ends with ok
1 verbose cli [ '/usr/bin/nodejs', '/usr/bin/npm', 'start' ]
2 info using npm@3.8.3
3 info using node@v5.10.1
4 verbose run-script [ 'prestart', 'start', 'poststart' ]
5 info lifecycle reaxor@0.0.1~prestart: reaxor@0.0.1
6 silly lifecycle reaxor@0.0.1~prestart: no script for prestart, continuing
7 info lifecycle reaxor@0.0.1~start: reaxor@0.0.1
8 verbose lifecycle reaxor@0.0.1~start: unsafe-perm in lifecycle true
9 verbose lifecycle reaxor@0.0.1~start: PATH: /usr/lib/node_modules/npm/bin/node-gyp-bin:/home/ricardo/Documents/Projects/reaxor/node_modules/.bin:/usr/bin:/home/ricardo/.rvm/gems/ruby-2.3.0/bin:/home/ricardo/.rvm/gems/ruby-2.3.0@global/bin:/home/ricardo/.rvm/rubies/ruby-2.3.0/bin:/usr/local/sbin:/usr/local/bin:/usr/sbin:/usr/bin:/sbin:/bin:/usr/games:/usr/local/games:/home/ricardo/.rvm/bin:/home/ricardo/.rvm/bin:/home/ricardo/.rvm/bin
10 verbose lifecycle reaxor@0.0.1~start: CWD: /home/ricardo/Documents/Projects/reaxor
11 silly lifecycle reaxor@0.0.1~start: Args: [ '-c', 'node server.js' ]
12 silly lifecycle reaxor@0.0.1~start: Returned: code: 1  signal: null
13 info lifecycle reaxor@0.0.1~start: Failed to exec start script
14 verbose stack Error: reaxor@0.0.1 start: `node server.js`
14 verbose stack Exit status 1
14 verbose stack     at EventEmitter.<anonymous> (/usr/lib/node_modules/npm/lib/utils/lifecycle.js:239:16)
14 verbose stack     at emitTwo (events.js:100:13)
14 verbose stack     at EventEmitter.emit (events.js:185:7)
14 verbose stack     at ChildProcess.<anonymous> (/usr/lib/node_modules/npm/lib/utils/spawn.js:24:14)
14 verbose stack     at emitTwo (events.js:100:13)
14 verbose stack     at ChildProcess.emit (events.js:185:7)
14 verbose stack     at maybeClose (internal/child_process.js:850:16)
14 verbose stack     at Process.ChildProcess._handle.onexit (internal/child_process.js:215:5)
15 verbose pkgid reaxor@0.0.1
16 verbose cwd /home/ricardo/Documents/Projects/reaxor
17 error Linux 3.19.0-32-generic
18 error argv "/usr/bin/nodejs" "/usr/bin/npm" "start"
19 error node v5.10.1
20 error npm  v3.8.3
21 error code ELIFECYCLE
22 error reaxor@0.0.1 start: `node server.js`
22 error Exit status 1
23 error Failed at the reaxor@0.0.1 start script 'node server.js'.
23 error Make sure you have the latest version of node.js and npm installed.
23 error If you do, this is most likely a problem with the reaxor package,
23 error not with npm itself.
23 error Tell the author that this fails on your system:
23 error     node server.js
23 error You can get information on how to open an issue for this project with:
23 error     npm bugs reaxor
23 error Or if that isn't available, you can get their info via:
23 error     npm owner ls reaxor
23 error There is likely additional logging output above.
24 verbose exit [ 1, true ]
